29-Mar-2025 12:26:43.513 INFO [main] org.apache.catalina.startup.VersionLoggerListener.log Server version name:   Apache Tomcat/9.0.100
29-Mar-2025 12:26:43.514 INFO [main] org.apache.catalina.startup.VersionLoggerListener.log Server built:          Feb 13 2025 11:29:56 UTC
29-Mar-2025 12:26:43.514 INFO [main] org.apache.catalina.startup.VersionLoggerListener.log Server version number: 9.0.100.0
29-Mar-2025 12:26:43.514 INFO [main] org.apache.catalina.startup.VersionLoggerListener.log OS Name:               Mac OS X
29-Mar-2025 12:26:43.514 INFO [main] org.apache.catalina.startup.VersionLoggerListener.log OS Version:            15.3.2
29-Mar-2025 12:26:43.514 INFO [main] org.apache.catalina.startup.VersionLoggerListener.log Architecture:          aarch64
29-Mar-2025 12:26:43.514 INFO [main] org.apache.catalina.startup.VersionLoggerListener.log Java Home:             /Library/Java/JavaVirtualMachines/jdk-23.jdk/Contents/Home
29-Mar-2025 12:26:43.514 INFO [main] org.apache.catalina.startup.VersionLoggerListener.log JVM Version:           23.0.2+7-58
29-Mar-2025 12:26:43.515 INFO [main] org.apache.catalina.startup.VersionLoggerListener.log JVM Vendor:            Oracle Corporation
29-Mar-2025 12:26:43.515 INFO [main] org.apache.catalina.startup.VersionLoggerListener.log CATALINA_BASE:         /Users/chamodpankaja/Documents/IIT/L5/CSA/week 7/apache-tomcat-9.0.100
29-Mar-2025 12:26:43.515 INFO [main] org.apache.catalina.startup.VersionLoggerListener.log CATALINA_HOME:         /Users/chamodpankaja/Documents/IIT/L5/CSA/week 7/apache-tomcat-9.0.100
29-Mar-2025 12:26:43.520 INFO [main] org.apache.catalina.startup.VersionLoggerListener.log Command line argument: --add-opens=java.base/java.lang=ALL-UNNAMED
29-Mar-2025 12:26:43.521 INFO [main] org.apache.catalina.startup.VersionLoggerListener.log Command line argument: --add-opens=java.base/java.io=ALL-UNNAMED
29-Mar-2025 12:26:43.521 INFO [main] org.apache.catalina.startup.VersionLoggerListener.log Command line argument: --add-opens=java.base/java.util=ALL-UNNAMED
29-Mar-2025 12:26:43.521 INFO [main] org.apache.catalina.startup.VersionLoggerListener.log Command line argument: --add-opens=java.base/java.util.concurrent=ALL-UNNAMED
29-Mar-2025 12:26:43.521 INFO [main] org.apache.catalina.startup.VersionLoggerListener.log Command line argument: --add-opens=java.rmi/sun.rmi.transport=ALL-UNNAMED
29-Mar-2025 12:26:43.521 INFO [main] org.apache.catalina.startup.VersionLoggerListener.log Command line argument: -Djava.util.logging.config.file=/Users/chamodpankaja/Documents/IIT/L5/CSA/week 7/apache-tomcat-9.0.100/conf/logging.properties
29-Mar-2025 12:26:43.521 INFO [main] org.apache.catalina.startup.VersionLoggerListener.log Command line argument: -Djava.util.logging.manager=org.apache.juli.ClassLoaderLogManager
29-Mar-2025 12:26:43.521 INFO [main] org.apache.catalina.startup.VersionLoggerListener.log Command line argument: -Dhttp.nonProxyHosts=localhost|127.0.0.1|Mac
29-Mar-2025 12:26:43.521 INFO [main] org.apache.catalina.startup.VersionLoggerListener.log Command line argument: -Djdk.tls.ephemeralDHKeySize=2048
29-Mar-2025 12:26:43.521 INFO [main] org.apache.catalina.startup.VersionLoggerListener.log Command line argument: -Djava.protocol.handler.pkgs=org.apache.catalina.webresources
29-Mar-2025 12:26:43.521 INFO [main] org.apache.catalina.startup.VersionLoggerListener.log Command line argument: -Dsun.io.useCanonCaches=false
29-Mar-2025 12:26:43.521 INFO [main] org.apache.catalina.startup.VersionLoggerListener.log Command line argument: -Dorg.apache.catalina.security.SecurityListener.UMASK=0027
29-Mar-2025 12:26:43.521 INFO [main] org.apache.catalina.startup.VersionLoggerListener.log Command line argument: -Dignore.endorsed.dirs=
29-Mar-2025 12:26:43.521 INFO [main] org.apache.catalina.startup.VersionLoggerListener.log Command line argument: -Dcatalina.base=/Users/chamodpankaja/Documents/IIT/L5/CSA/week 7/apache-tomcat-9.0.100
29-Mar-2025 12:26:43.521 INFO [main] org.apache.catalina.startup.VersionLoggerListener.log Command line argument: -Dcatalina.home=/Users/chamodpankaja/Documents/IIT/L5/CSA/week 7/apache-tomcat-9.0.100
29-Mar-2025 12:26:43.521 INFO [main] org.apache.catalina.startup.VersionLoggerListener.log Command line argument: -Djava.io.tmpdir=/Users/chamodpankaja/Documents/IIT/L5/CSA/week 7/apache-tomcat-9.0.100/temp
29-Mar-2025 12:26:43.528 INFO [main] org.apache.catalina.core.AprLifecycleListener.lifecycleEvent The Apache Tomcat Native library which allows using OpenSSL was not found on the java.library.path: [/Users/chamodpankaja/Library/Java/Extensions:/Library/Java/Extensions:/Network/Library/Java/Extensions:/System/Library/Java/Extensions:/usr/lib/java:.]
29-Mar-2025 12:26:43.694 INFO [main] org.apache.coyote.AbstractProtocol.init Initializing ProtocolHandler ["http-nio-8080"]
29-Mar-2025 12:26:43.711 INFO [main] org.apache.catalina.startup.Catalina.load Server initialization in [285] milliseconds
29-Mar-2025 12:26:43.730 INFO [main] org.apache.catalina.core.StandardService.startInternal Starting service [Catalina]
29-Mar-2025 12:26:43.731 INFO [main] org.apache.catalina.core.StandardEngine.startInternal Starting Servlet engine: [Apache Tomcat/9.0.100]
29-Mar-2025 12:26:43.734 INFO [main] org.apache.catalina.startup.HostConfig.deployDescriptor Deploying deployment descriptor [/Users/chamodpankaja/Documents/IIT/L5/CSA/week 7/apache-tomcat-9.0.100/conf/Catalina/localhost/mavenproject1.xml]
29-Mar-2025 12:26:43.740 WARNING [main] org.apache.catalina.startup.HostConfig.deployDescriptor The path attribute with value [/mavenproject1] in deployment descriptor [/Users/chamodpankaja/Documents/IIT/L5/CSA/week 7/apache-tomcat-9.0.100/conf/Catalina/localhost/mavenproject1.xml] has been ignored
29-Mar-2025 12:26:44.103 INFO [main] org.apache.jasper.servlet.TldScanner.scanJars At least one JAR was scanned for TLDs yet contained no TLDs. Enable debug logging for this logger for a complete list of JARs that were scanned but no TLDs were found in them. Skipping unneeded JARs during scanning can improve startup time and JSP compilation time.
29-Mar-2025 12:26:44.275 WARNING [main] org.glassfish.jersey.server.wadl.WadlFeature.configure JAXBContext implementation could not be found. WADL feature is disabled.
29-Mar-2025 12:26:44.445 WARNING [main] org.glassfish.jersey.server.wadl.WadlFeature.configure JAXBContext implementation could not be found. WADL feature is disabled.
29-Mar-2025 12:26:44.469 INFO [main] org.apache.catalina.startup.HostConfig.deployDescriptor Deployment of deployment descriptor [/Users/chamodpankaja/Documents/IIT/L5/CSA/week 7/apache-tomcat-9.0.100/conf/Catalina/localhost/mavenproject1.xml] has finished in [736] ms
29-Mar-2025 12:26:44.469 INFO [main] org.apache.catalina.startup.HostConfig.deployDirectory Deploying web application directory [/Users/chamodpankaja/Documents/IIT/L5/CSA/week 7/apache-tomcat-9.0.100/webapps/docs]
29-Mar-2025 12:26:44.480 INFO [main] org.apache.catalina.startup.HostConfig.deployDirectory Deployment of web application directory [/Users/chamodpankaja/Documents/IIT/L5/CSA/week 7/apache-tomcat-9.0.100/webapps/docs] has finished in [11] ms
29-Mar-2025 12:26:44.480 INFO [main] org.apache.catalina.startup.HostConfig.deployDirectory Deploying web application directory [/Users/chamodpankaja/Documents/IIT/L5/CSA/week 7/apache-tomcat-9.0.100/webapps/manager]
29-Mar-2025 12:26:44.493 INFO [main] org.apache.catalina.startup.HostConfig.deployDirectory Deployment of web application directory [/Users/chamodpankaja/Documents/IIT/L5/CSA/week 7/apache-tomcat-9.0.100/webapps/manager] has finished in [13] ms
29-Mar-2025 12:26:44.493 INFO [main] org.apache.catalina.startup.HostConfig.deployDirectory Deploying web application directory [/Users/chamodpankaja/Documents/IIT/L5/CSA/week 7/apache-tomcat-9.0.100/webapps/examples]
29-Mar-2025 12:26:44.564 INFO [main] org.apache.catalina.startup.HostConfig.deployDirectory Deployment of web application directory [/Users/chamodpankaja/Documents/IIT/L5/CSA/week 7/apache-tomcat-9.0.100/webapps/examples] has finished in [71] ms
29-Mar-2025 12:26:44.564 INFO [main] org.apache.catalina.startup.HostConfig.deployDirectory Deploying web application directory [/Users/chamodpankaja/Documents/IIT/L5/CSA/week 7/apache-tomcat-9.0.100/webapps/ROOT]
29-Mar-2025 12:26:44.570 INFO [main] org.apache.catalina.startup.HostConfig.deployDirectory Deployment of web application directory [/Users/chamodpankaja/Documents/IIT/L5/CSA/week 7/apache-tomcat-9.0.100/webapps/ROOT] has finished in [5] ms
29-Mar-2025 12:26:44.570 INFO [main] org.apache.catalina.startup.HostConfig.deployDirectory Deploying web application directory [/Users/chamodpankaja/Documents/IIT/L5/CSA/week 7/apache-tomcat-9.0.100/webapps/host-manager]
29-Mar-2025 12:26:44.577 INFO [main] org.apache.catalina.startup.HostConfig.deployDirectory Deployment of web application directory [/Users/chamodpankaja/Documents/IIT/L5/CSA/week 7/apache-tomcat-9.0.100/webapps/host-manager] has finished in [7] ms
29-Mar-2025 12:26:44.578 INFO [main] org.apache.coyote.AbstractProtocol.start Starting ProtocolHandler ["http-nio-8080"]
29-Mar-2025 12:26:44.582 INFO [main] org.apache.catalina.startup.Catalina.start Server startup in [870] milliseconds
29-Mar-2025 12:27:06.810 INFO [main] org.apache.catalina.core.StandardServer.await A valid shutdown command was received via the shutdown port. Stopping the Server instance.
29-Mar-2025 12:27:06.810 INFO [main] org.apache.coyote.AbstractProtocol.pause Pausing ProtocolHandler ["http-nio-8080"]
29-Mar-2025 12:27:06.812 INFO [main] org.apache.catalina.core.StandardService.stopInternal Stopping service [Catalina]
29-Mar-2025 12:27:06.832 INFO [main] org.apache.coyote.AbstractProtocol.stop Stopping ProtocolHandler ["http-nio-8080"]
29-Mar-2025 12:27:06.837 INFO [main] org.apache.coyote.AbstractProtocol.destroy Destroying ProtocolHandler ["http-nio-8080"]
29-Mar-2025 19:30:53.159 INFO [main] org.apache.catalina.startup.VersionLoggerListener.log Server version name:   Apache Tomcat/9.0.100
29-Mar-2025 19:30:53.162 INFO [main] org.apache.catalina.startup.VersionLoggerListener.log Server built:          Feb 13 2025 11:29:56 UTC
29-Mar-2025 19:30:53.162 INFO [main] org.apache.catalina.startup.VersionLoggerListener.log Server version number: 9.0.100.0
29-Mar-2025 19:30:53.162 INFO [main] org.apache.catalina.startup.VersionLoggerListener.log OS Name:               Mac OS X
29-Mar-2025 19:30:53.162 INFO [main] org.apache.catalina.startup.VersionLoggerListener.log OS Version:            15.3.2
29-Mar-2025 19:30:53.162 INFO [main] org.apache.catalina.startup.VersionLoggerListener.log Architecture:          aarch64
29-Mar-2025 19:30:53.162 INFO [main] org.apache.catalina.startup.VersionLoggerListener.log Java Home:             /Library/Java/JavaVirtualMachines/jdk-23.jdk/Contents/Home
29-Mar-2025 19:30:53.162 INFO [main] org.apache.catalina.startup.VersionLoggerListener.log JVM Version:           23.0.2+7-58
29-Mar-2025 19:30:53.162 INFO [main] org.apache.catalina.startup.VersionLoggerListener.log JVM Vendor:            Oracle Corporation
29-Mar-2025 19:30:53.162 INFO [main] org.apache.catalina.startup.VersionLoggerListener.log CATALINA_BASE:         /Users/chamodpankaja/Documents/IIT/L5/CSA/week 7/apache-tomcat-9.0.100
29-Mar-2025 19:30:53.163 INFO [main] org.apache.catalina.startup.VersionLoggerListener.log CATALINA_HOME:         /Users/chamodpankaja/Documents/IIT/L5/CSA/week 7/apache-tomcat-9.0.100
29-Mar-2025 19:30:53.167 INFO [main] org.apache.catalina.startup.VersionLoggerListener.log Command line argument: --add-opens=java.base/java.lang=ALL-UNNAMED
29-Mar-2025 19:30:53.167 INFO [main] org.apache.catalina.startup.VersionLoggerListener.log Command line argument: --add-opens=java.base/java.io=ALL-UNNAMED
29-Mar-2025 19:30:53.167 INFO [main] org.apache.catalina.startup.VersionLoggerListener.log Command line argument: --add-opens=java.base/java.util=ALL-UNNAMED
29-Mar-2025 19:30:53.167 INFO [main] org.apache.catalina.startup.VersionLoggerListener.log Command line argument: --add-opens=java.base/java.util.concurrent=ALL-UNNAMED
29-Mar-2025 19:30:53.168 INFO [main] org.apache.catalina.startup.VersionLoggerListener.log Command line argument: --add-opens=java.rmi/sun.rmi.transport=ALL-UNNAMED
29-Mar-2025 19:30:53.168 INFO [main] org.apache.catalina.startup.VersionLoggerListener.log Command line argument: -Djava.util.logging.config.file=/Users/chamodpankaja/Documents/IIT/L5/CSA/week 7/apache-tomcat-9.0.100/conf/logging.properties
29-Mar-2025 19:30:53.168 INFO [main] org.apache.catalina.startup.VersionLoggerListener.log Command line argument: -Djava.util.logging.manager=org.apache.juli.ClassLoaderLogManager
29-Mar-2025 19:30:53.168 INFO [main] org.apache.catalina.startup.VersionLoggerListener.log Command line argument: -Dhttp.nonProxyHosts=localhost|127.0.0.1|Mac
29-Mar-2025 19:30:53.168 INFO [main] org.apache.catalina.startup.VersionLoggerListener.log Command line argument: -Djdk.tls.ephemeralDHKeySize=2048
29-Mar-2025 19:30:53.168 INFO [main] org.apache.catalina.startup.VersionLoggerListener.log Command line argument: -Djava.protocol.handler.pkgs=org.apache.catalina.webresources
29-Mar-2025 19:30:53.168 INFO [main] org.apache.catalina.startup.VersionLoggerListener.log Command line argument: -Dsun.io.useCanonCaches=false
29-Mar-2025 19:30:53.168 INFO [main] org.apache.catalina.startup.VersionLoggerListener.log Command line argument: -Dorg.apache.catalina.security.SecurityListener.UMASK=0027
29-Mar-2025 19:30:53.168 INFO [main] org.apache.catalina.startup.VersionLoggerListener.log Command line argument: -Dignore.endorsed.dirs=
29-Mar-2025 19:30:53.168 INFO [main] org.apache.catalina.startup.VersionLoggerListener.log Command line argument: -Dcatalina.base=/Users/chamodpankaja/Documents/IIT/L5/CSA/week 7/apache-tomcat-9.0.100
29-Mar-2025 19:30:53.168 INFO [main] org.apache.catalina.startup.VersionLoggerListener.log Command line argument: -Dcatalina.home=/Users/chamodpankaja/Documents/IIT/L5/CSA/week 7/apache-tomcat-9.0.100
29-Mar-2025 19:30:53.168 INFO [main] org.apache.catalina.startup.VersionLoggerListener.log Command line argument: -Djava.io.tmpdir=/Users/chamodpankaja/Documents/IIT/L5/CSA/week 7/apache-tomcat-9.0.100/temp
29-Mar-2025 19:30:53.176 INFO [main] org.apache.catalina.core.AprLifecycleListener.lifecycleEvent The Apache Tomcat Native library which allows using OpenSSL was not found on the java.library.path: [/Users/chamodpankaja/Library/Java/Extensions:/Library/Java/Extensions:/Network/Library/Java/Extensions:/System/Library/Java/Extensions:/usr/lib/java:.]
29-Mar-2025 19:30:53.360 INFO [main] org.apache.coyote.AbstractProtocol.init Initializing ProtocolHandler ["http-nio-8080"]
29-Mar-2025 19:30:53.376 INFO [main] org.apache.catalina.startup.Catalina.load Server initialization in [306] milliseconds
29-Mar-2025 19:30:53.398 INFO [main] org.apache.catalina.core.StandardService.startInternal Starting service [Catalina]
29-Mar-2025 19:30:53.398 INFO [main] org.apache.catalina.core.StandardEngine.startInternal Starting Servlet engine: [Apache Tomcat/9.0.100]
29-Mar-2025 19:30:53.403 INFO [main] org.apache.catalina.startup.HostConfig.deployDescriptor Deploying deployment descriptor [/Users/chamodpankaja/Documents/IIT/L5/CSA/week 7/apache-tomcat-9.0.100/conf/Catalina/localhost/mavenproject1.xml]
29-Mar-2025 19:30:53.409 WARNING [main] org.apache.catalina.startup.HostConfig.deployDescriptor The path attribute with value [/mavenproject1] in deployment descriptor [/Users/chamodpankaja/Documents/IIT/L5/CSA/week 7/apache-tomcat-9.0.100/conf/Catalina/localhost/mavenproject1.xml] has been ignored
29-Mar-2025 19:30:53.764 INFO [main] org.apache.jasper.servlet.TldScanner.scanJars At least one JAR was scanned for TLDs yet contained no TLDs. Enable debug logging for this logger for a complete list of JARs that were scanned but no TLDs were found in them. Skipping unneeded JARs during scanning can improve startup time and JSP compilation time.
29-Mar-2025 19:30:53.940 WARNING [main] org.glassfish.jersey.server.wadl.WadlFeature.configure JAXBContext implementation could not be found. WADL feature is disabled.
29-Mar-2025 19:30:54.108 WARNING [main] org.glassfish.jersey.server.wadl.WadlFeature.configure JAXBContext implementation could not be found. WADL feature is disabled.
29-Mar-2025 19:30:54.132 INFO [main] org.apache.catalina.startup.HostConfig.deployDescriptor Deployment of deployment descriptor [/Users/chamodpankaja/Documents/IIT/L5/CSA/week 7/apache-tomcat-9.0.100/conf/Catalina/localhost/mavenproject1.xml] has finished in [729] ms
29-Mar-2025 19:30:54.132 INFO [main] org.apache.catalina.startup.HostConfig.deployDirectory Deploying web application directory [/Users/chamodpankaja/Documents/IIT/L5/CSA/week 7/apache-tomcat-9.0.100/webapps/docs]
29-Mar-2025 19:30:54.143 INFO [main] org.apache.catalina.startup.HostConfig.deployDirectory Deployment of web application directory [/Users/chamodpankaja/Documents/IIT/L5/CSA/week 7/apache-tomcat-9.0.100/webapps/docs] has finished in [11] ms
29-Mar-2025 19:30:54.143 INFO [main] org.apache.catalina.startup.HostConfig.deployDirectory Deploying web application directory [/Users/chamodpankaja/Documents/IIT/L5/CSA/week 7/apache-tomcat-9.0.100/webapps/manager]
29-Mar-2025 19:30:54.155 INFO [main] org.apache.catalina.startup.HostConfig.deployDirectory Deployment of web application directory [/Users/chamodpankaja/Documents/IIT/L5/CSA/week 7/apache-tomcat-9.0.100/webapps/manager] has finished in [12] ms
29-Mar-2025 19:30:54.156 INFO [main] org.apache.catalina.startup.HostConfig.deployDirectory Deploying web application directory [/Users/chamodpankaja/Documents/IIT/L5/CSA/week 7/apache-tomcat-9.0.100/webapps/examples]
29-Mar-2025 19:30:54.232 INFO [main] org.apache.catalina.startup.HostConfig.deployDirectory Deployment of web application directory [/Users/chamodpankaja/Documents/IIT/L5/CSA/week 7/apache-tomcat-9.0.100/webapps/examples] has finished in [76] ms
29-Mar-2025 19:30:54.232 INFO [main] org.apache.catalina.startup.HostConfig.deployDirectory Deploying web application directory [/Users/chamodpankaja/Documents/IIT/L5/CSA/week 7/apache-tomcat-9.0.100/webapps/ROOT]
29-Mar-2025 19:30:54.238 INFO [main] org.apache.catalina.startup.HostConfig.deployDirectory Deployment of web application directory [/Users/chamodpankaja/Documents/IIT/L5/CSA/week 7/apache-tomcat-9.0.100/webapps/ROOT] has finished in [6] ms
29-Mar-2025 19:30:54.238 INFO [main] org.apache.catalina.startup.HostConfig.deployDirectory Deploying web application directory [/Users/chamodpankaja/Documents/IIT/L5/CSA/week 7/apache-tomcat-9.0.100/webapps/host-manager]
29-Mar-2025 19:30:54.245 INFO [main] org.apache.catalina.startup.HostConfig.deployDirectory Deployment of web application directory [/Users/chamodpankaja/Documents/IIT/L5/CSA/week 7/apache-tomcat-9.0.100/webapps/host-manager] has finished in [7] ms
29-Mar-2025 19:30:54.247 INFO [main] org.apache.coyote.AbstractProtocol.start Starting ProtocolHandler ["http-nio-8080"]
29-Mar-2025 19:30:54.251 INFO [main] org.apache.catalina.startup.Catalina.start Server startup in [873] milliseconds
29-Mar-2025 19:31:04.252 INFO [Catalina-utility-1] org.apache.catalina.startup.HostConfig.reload Reloading context [/mavenproject1]
29-Mar-2025 19:31:04.253 INFO [Catalina-utility-1] org.apache.catalina.core.StandardContext.reload Reloading Context with name [/mavenproject1] has started
29-Mar-2025 19:31:04.506 INFO [Catalina-utility-1] org.apache.jasper.servlet.TldScanner.scanJars At least one JAR was scanned for TLDs yet contained no TLDs. Enable debug logging for this logger for a complete list of JARs that were scanned but no TLDs were found in them. Skipping unneeded JARs during scanning can improve startup time and JSP compilation time.
29-Mar-2025 19:31:04.662 WARNING [Catalina-utility-1] org.glassfish.jersey.server.wadl.WadlFeature.configure JAXBContext implementation could not be found. WADL feature is disabled.
29-Mar-2025 19:31:04.917 WARNING [Catalina-utility-1] org.glassfish.jersey.server.wadl.WadlFeature.configure JAXBContext implementation could not be found. WADL feature is disabled.
29-Mar-2025 19:31:04.942 INFO [Catalina-utility-1] org.apache.catalina.core.StandardContext.reload Reloading Context with name [/mavenproject1] is completed
29-Mar-2025 19:31:06.150 INFO [http-nio-8080-exec-5] org.apache.catalina.startup.HostConfig.undeploy Undeploying context [/mavenproject1]
29-Mar-2025 19:31:06.181 INFO [http-nio-8080-exec-4] org.apache.catalina.startup.HostConfig.deployDescriptor Deploying deployment descriptor [/Users/chamodpankaja/Documents/IIT/L5/CSA/week 7/apache-tomcat-9.0.100/conf/Catalina/localhost/mavenproject1.xml]
29-Mar-2025 19:31:06.182 WARNING [http-nio-8080-exec-4] org.apache.catalina.startup.HostConfig.deployDescriptor The path attribute with value [/mavenproject1] in deployment descriptor [/Users/chamodpankaja/Documents/IIT/L5/CSA/week 7/apache-tomcat-9.0.100/conf/Catalina/localhost/mavenproject1.xml] has been ignored
29-Mar-2025 19:31:06.369 INFO [http-nio-8080-exec-4] org.apache.jasper.servlet.TldScanner.scanJars At least one JAR was scanned for TLDs yet contained no TLDs. Enable debug logging for this logger for a complete list of JARs that were scanned but no TLDs were found in them. Skipping unneeded JARs during scanning can improve startup time and JSP compilation time.
29-Mar-2025 19:31:06.491 WARNING [http-nio-8080-exec-4] org.glassfish.jersey.server.wadl.WadlFeature.configure JAXBContext implementation could not be found. WADL feature is disabled.
29-Mar-2025 19:31:06.625 WARNING [http-nio-8080-exec-4] org.glassfish.jersey.server.wadl.WadlFeature.configure JAXBContext implementation could not be found. WADL feature is disabled.
29-Mar-2025 19:31:06.641 INFO [http-nio-8080-exec-4] org.apache.catalina.startup.HostConfig.deployDescriptor Deployment of deployment descriptor [/Users/chamodpankaja/Documents/IIT/L5/CSA/week 7/apache-tomcat-9.0.100/conf/Catalina/localhost/mavenproject1.xml] has finished in [460] ms
29-Mar-2025 19:31:06.644 INFO [http-nio-8080-exec-11] org.apache.catalina.util.LifecycleBase.start The start() method was called on component [StandardEngine[Catalina].StandardHost[localhost].StandardContext[/mavenproject1]] after start() had already been called. The second call will be ignored.
29-Mar-2025 19:33:00.008 INFO [main] org.apache.catalina.core.StandardServer.await A valid shutdown command was received via the shutdown port. Stopping the Server instance.
29-Mar-2025 19:33:00.008 INFO [main] org.apache.coyote.AbstractProtocol.pause Pausing ProtocolHandler ["http-nio-8080"]
29-Mar-2025 19:33:00.012 INFO [main] org.apache.catalina.core.StandardService.stopInternal Stopping service [Catalina]
29-Mar-2025 19:33:00.025 INFO [main] org.apache.coyote.AbstractProtocol.stop Stopping ProtocolHandler ["http-nio-8080"]
29-Mar-2025 19:33:00.037 INFO [main] org.apache.coyote.AbstractProtocol.destroy Destroying ProtocolHandler ["http-nio-8080"]
29-Mar-2025 19:38:01.098 INFO [main] org.apache.catalina.startup.VersionLoggerListener.log Server version name:   Apache Tomcat/9.0.100
29-Mar-2025 19:38:01.099 INFO [main] org.apache.catalina.startup.VersionLoggerListener.log Server built:          Feb 13 2025 11:29:56 UTC
29-Mar-2025 19:38:01.099 INFO [main] org.apache.catalina.startup.VersionLoggerListener.log Server version number: 9.0.100.0
29-Mar-2025 19:38:01.099 INFO [main] org.apache.catalina.startup.VersionLoggerListener.log OS Name:               Mac OS X
29-Mar-2025 19:38:01.099 INFO [main] org.apache.catalina.startup.VersionLoggerListener.log OS Version:            15.3.2
29-Mar-2025 19:38:01.099 INFO [main] org.apache.catalina.startup.VersionLoggerListener.log Architecture:          aarch64
29-Mar-2025 19:38:01.099 INFO [main] org.apache.catalina.startup.VersionLoggerListener.log Java Home:             /Library/Java/JavaVirtualMachines/jdk-23.jdk/Contents/Home
29-Mar-2025 19:38:01.099 INFO [main] org.apache.catalina.startup.VersionLoggerListener.log JVM Version:           23.0.2+7-58
29-Mar-2025 19:38:01.100 INFO [main] org.apache.catalina.startup.VersionLoggerListener.log JVM Vendor:            Oracle Corporation
29-Mar-2025 19:38:01.100 INFO [main] org.apache.catalina.startup.VersionLoggerListener.log CATALINA_BASE:         /Users/chamodpankaja/Documents/IIT/L5/CSA/week 7/apache-tomcat-9.0.100
29-Mar-2025 19:38:01.100 INFO [main] org.apache.catalina.startup.VersionLoggerListener.log CATALINA_HOME:         /Users/chamodpankaja/Documents/IIT/L5/CSA/week 7/apache-tomcat-9.0.100
29-Mar-2025 19:38:01.106 INFO [main] org.apache.catalina.startup.VersionLoggerListener.log Command line argument: --add-opens=java.base/java.lang=ALL-UNNAMED
29-Mar-2025 19:38:01.106 INFO [main] org.apache.catalina.startup.VersionLoggerListener.log Command line argument: --add-opens=java.base/java.io=ALL-UNNAMED
29-Mar-2025 19:38:01.106 INFO [main] org.apache.catalina.startup.VersionLoggerListener.log Command line argument: --add-opens=java.base/java.util=ALL-UNNAMED
29-Mar-2025 19:38:01.107 INFO [main] org.apache.catalina.startup.VersionLoggerListener.log Command line argument: --add-opens=java.base/java.util.concurrent=ALL-UNNAMED
29-Mar-2025 19:38:01.107 INFO [main] org.apache.catalina.startup.VersionLoggerListener.log Command line argument: --add-opens=java.rmi/sun.rmi.transport=ALL-UNNAMED
29-Mar-2025 19:38:01.107 INFO [main] org.apache.catalina.startup.VersionLoggerListener.log Command line argument: -Djava.util.logging.config.file=/Users/chamodpankaja/Documents/IIT/L5/CSA/week 7/apache-tomcat-9.0.100/conf/logging.properties
29-Mar-2025 19:38:01.107 INFO [main] org.apache.catalina.startup.VersionLoggerListener.log Command line argument: -Djava.util.logging.manager=org.apache.juli.ClassLoaderLogManager
29-Mar-2025 19:38:01.107 INFO [main] org.apache.catalina.startup.VersionLoggerListener.log Command line argument: -Dhttp.nonProxyHosts=localhost|127.0.0.1|Mac
29-Mar-2025 19:38:01.107 INFO [main] org.apache.catalina.startup.VersionLoggerListener.log Command line argument: -Djdk.tls.ephemeralDHKeySize=2048
29-Mar-2025 19:38:01.107 INFO [main] org.apache.catalina.startup.VersionLoggerListener.log Command line argument: -Djava.protocol.handler.pkgs=org.apache.catalina.webresources
29-Mar-2025 19:38:01.107 INFO [main] org.apache.catalina.startup.VersionLoggerListener.log Command line argument: -Dsun.io.useCanonCaches=false
29-Mar-2025 19:38:01.107 INFO [main] org.apache.catalina.startup.VersionLoggerListener.log Command line argument: -Dorg.apache.catalina.security.SecurityListener.UMASK=0027
29-Mar-2025 19:38:01.107 INFO [main] org.apache.catalina.startup.VersionLoggerListener.log Command line argument: -Dignore.endorsed.dirs=
29-Mar-2025 19:38:01.107 INFO [main] org.apache.catalina.startup.VersionLoggerListener.log Command line argument: -Dcatalina.base=/Users/chamodpankaja/Documents/IIT/L5/CSA/week 7/apache-tomcat-9.0.100
29-Mar-2025 19:38:01.107 INFO [main] org.apache.catalina.startup.VersionLoggerListener.log Command line argument: -Dcatalina.home=/Users/chamodpankaja/Documents/IIT/L5/CSA/week 7/apache-tomcat-9.0.100
29-Mar-2025 19:38:01.107 INFO [main] org.apache.catalina.startup.VersionLoggerListener.log Command line argument: -Djava.io.tmpdir=/Users/chamodpankaja/Documents/IIT/L5/CSA/week 7/apache-tomcat-9.0.100/temp
29-Mar-2025 19:38:01.115 INFO [main] org.apache.catalina.core.AprLifecycleListener.lifecycleEvent The Apache Tomcat Native library which allows using OpenSSL was not found on the java.library.path: [/Users/chamodpankaja/Library/Java/Extensions:/Library/Java/Extensions:/Network/Library/Java/Extensions:/System/Library/Java/Extensions:/usr/lib/java:.]
29-Mar-2025 19:38:01.273 INFO [main] org.apache.coyote.AbstractProtocol.init Initializing ProtocolHandler ["http-nio-8080"]
29-Mar-2025 19:38:01.287 INFO [main] org.apache.catalina.startup.Catalina.load Server initialization in [273] milliseconds
29-Mar-2025 19:38:01.302 INFO [main] org.apache.catalina.core.StandardService.startInternal Starting service [Catalina]
29-Mar-2025 19:38:01.303 INFO [main] org.apache.catalina.core.StandardEngine.startInternal Starting Servlet engine: [Apache Tomcat/9.0.100]
29-Mar-2025 19:38:01.305 INFO [main] org.apache.catalina.startup.HostConfig.deployDescriptor Deploying deployment descriptor [/Users/chamodpankaja/Documents/IIT/L5/CSA/week 7/apache-tomcat-9.0.100/conf/Catalina/localhost/mavenproject1.xml]
29-Mar-2025 19:38:01.310 WARNING [main] org.apache.catalina.startup.HostConfig.deployDescriptor The path attribute with value [/mavenproject1] in deployment descriptor [/Users/chamodpankaja/Documents/IIT/L5/CSA/week 7/apache-tomcat-9.0.100/conf/Catalina/localhost/mavenproject1.xml] has been ignored
29-Mar-2025 19:38:01.696 INFO [main] org.apache.jasper.servlet.TldScanner.scanJars At least one JAR was scanned for TLDs yet contained no TLDs. Enable debug logging for this logger for a complete list of JARs that were scanned but no TLDs were found in them. Skipping unneeded JARs during scanning can improve startup time and JSP compilation time.
29-Mar-2025 19:38:01.915 WARNING [main] org.glassfish.jersey.server.wadl.WadlFeature.configure JAXBContext implementation could not be found. WADL feature is disabled.
29-Mar-2025 19:38:02.084 WARNING [main] org.glassfish.jersey.server.wadl.WadlFeature.configure JAXBContext implementation could not be found. WADL feature is disabled.
29-Mar-2025 19:38:02.110 INFO [main] org.apache.catalina.startup.HostConfig.deployDescriptor Deployment of deployment descriptor [/Users/chamodpankaja/Documents/IIT/L5/CSA/week 7/apache-tomcat-9.0.100/conf/Catalina/localhost/mavenproject1.xml] has finished in [804] ms
29-Mar-2025 19:38:02.110 INFO [main] org.apache.catalina.startup.HostConfig.deployDirectory Deploying web application directory [/Users/chamodpankaja/Documents/IIT/L5/CSA/week 7/apache-tomcat-9.0.100/webapps/docs]
29-Mar-2025 19:38:02.120 INFO [main] org.apache.catalina.startup.HostConfig.deployDirectory Deployment of web application directory [/Users/chamodpankaja/Documents/IIT/L5/CSA/week 7/apache-tomcat-9.0.100/webapps/docs] has finished in [10] ms
29-Mar-2025 19:38:02.120 INFO [main] org.apache.catalina.startup.HostConfig.deployDirectory Deploying web application directory [/Users/chamodpankaja/Documents/IIT/L5/CSA/week 7/apache-tomcat-9.0.100/webapps/manager]
29-Mar-2025 19:38:02.132 INFO [main] org.apache.catalina.startup.HostConfig.deployDirectory Deployment of web application directory [/Users/chamodpankaja/Documents/IIT/L5/CSA/week 7/apache-tomcat-9.0.100/webapps/manager] has finished in [12] ms
29-Mar-2025 19:38:02.132 INFO [main] org.apache.catalina.startup.HostConfig.deployDirectory Deploying web application directory [/Users/chamodpankaja/Documents/IIT/L5/CSA/week 7/apache-tomcat-9.0.100/webapps/examples]
29-Mar-2025 19:38:02.203 INFO [main] org.apache.catalina.startup.HostConfig.deployDirectory Deployment of web application directory [/Users/chamodpankaja/Documents/IIT/L5/CSA/week 7/apache-tomcat-9.0.100/webapps/examples] has finished in [71] ms
29-Mar-2025 19:38:02.203 INFO [main] org.apache.catalina.startup.HostConfig.deployDirectory Deploying web application directory [/Users/chamodpankaja/Documents/IIT/L5/CSA/week 7/apache-tomcat-9.0.100/webapps/ROOT]
29-Mar-2025 19:38:02.209 INFO [main] org.apache.catalina.startup.HostConfig.deployDirectory Deployment of web application directory [/Users/chamodpankaja/Documents/IIT/L5/CSA/week 7/apache-tomcat-9.0.100/webapps/ROOT] has finished in [6] ms
29-Mar-2025 19:38:02.209 INFO [main] org.apache.catalina.startup.HostConfig.deployDirectory Deploying web application directory [/Users/chamodpankaja/Documents/IIT/L5/CSA/week 7/apache-tomcat-9.0.100/webapps/host-manager]
29-Mar-2025 19:38:02.217 INFO [main] org.apache.catalina.startup.HostConfig.deployDirectory Deployment of web application directory [/Users/chamodpankaja/Documents/IIT/L5/CSA/week 7/apache-tomcat-9.0.100/webapps/host-manager] has finished in [8] ms
29-Mar-2025 19:38:02.219 INFO [main] org.apache.coyote.AbstractProtocol.start Starting ProtocolHandler ["http-nio-8080"]
29-Mar-2025 19:38:02.222 INFO [main] org.apache.catalina.startup.Catalina.start Server startup in [934] milliseconds
29-Mar-2025 19:38:02.264 INFO [http-nio-8080-exec-4] org.apache.catalina.startup.HostConfig.deployDescriptor Deploying deployment descriptor [/Users/chamodpankaja/Documents/IIT/L5/CSA/week 7/apache-tomcat-9.0.100/conf/Catalina/localhost/CSA_MOCK.xml]
29-Mar-2025 19:38:02.264 WARNING [http-nio-8080-exec-4] org.apache.catalina.startup.HostConfig.deployDescriptor The path attribute with value [/CSA_MOCK] in deployment descriptor [/Users/chamodpankaja/Documents/IIT/L5/CSA/week 7/apache-tomcat-9.0.100/conf/Catalina/localhost/CSA_MOCK.xml] has been ignored
29-Mar-2025 19:38:02.471 INFO [http-nio-8080-exec-4] org.apache.jasper.servlet.TldScanner.scanJars At least one JAR was scanned for TLDs yet contained no TLDs. Enable debug logging for this logger for a complete list of JARs that were scanned but no TLDs were found in them. Skipping unneeded JARs during scanning can improve startup time and JSP compilation time.
29-Mar-2025 19:38:02.590 WARNING [http-nio-8080-exec-4] org.glassfish.jersey.server.wadl.WadlFeature.configure JAXBContext implementation could not be found. WADL feature is disabled.
29-Mar-2025 19:38:02.715 WARNING [http-nio-8080-exec-4] org.glassfish.jersey.server.wadl.WadlFeature.configure JAXBContext implementation could not be found. WADL feature is disabled.
29-Mar-2025 19:38:02.748 INFO [http-nio-8080-exec-4] org.apache.catalina.startup.HostConfig.deployDescriptor Deployment of deployment descriptor [/Users/chamodpankaja/Documents/IIT/L5/CSA/week 7/apache-tomcat-9.0.100/conf/Catalina/localhost/CSA_MOCK.xml] has finished in [484] ms
29-Mar-2025 19:38:02.752 INFO [http-nio-8080-exec-5] org.apache.catalina.util.LifecycleBase.start The start() method was called on component [StandardEngine[Catalina].StandardHost[localhost].StandardContext[/CSA_MOCK]] after start() had already been called. The second call will be ignored.
29-Mar-2025 19:38:33.813 INFO [main] org.apache.catalina.core.StandardServer.await A valid shutdown command was received via the shutdown port. Stopping the Server instance.
29-Mar-2025 19:38:33.813 INFO [main] org.apache.coyote.AbstractProtocol.pause Pausing ProtocolHandler ["http-nio-8080"]
29-Mar-2025 19:38:33.815 INFO [main] org.apache.catalina.core.StandardService.stopInternal Stopping service [Catalina]
29-Mar-2025 19:38:33.834 INFO [main] org.apache.coyote.AbstractProtocol.stop Stopping ProtocolHandler ["http-nio-8080"]
29-Mar-2025 19:38:33.840 INFO [main] org.apache.coyote.AbstractProtocol.destroy Destroying ProtocolHandler ["http-nio-8080"]
29-Mar-2025 19:38:36.922 INFO [main] org.apache.catalina.startup.VersionLoggerListener.log Server version name:   Apache Tomcat/9.0.100
29-Mar-2025 19:38:36.923 INFO [main] org.apache.catalina.startup.VersionLoggerListener.log Server built:          Feb 13 2025 11:29:56 UTC
29-Mar-2025 19:38:36.923 INFO [main] org.apache.catalina.startup.VersionLoggerListener.log Server version number: 9.0.100.0
29-Mar-2025 19:38:36.923 INFO [main] org.apache.catalina.startup.VersionLoggerListener.log OS Name:               Mac OS X
29-Mar-2025 19:38:36.923 INFO [main] org.apache.catalina.startup.VersionLoggerListener.log OS Version:            15.3.2
29-Mar-2025 19:38:36.923 INFO [main] org.apache.catalina.startup.VersionLoggerListener.log Architecture:          aarch64
29-Mar-2025 19:38:36.923 INFO [main] org.apache.catalina.startup.VersionLoggerListener.log Java Home:             /Library/Java/JavaVirtualMachines/jdk-23.jdk/Contents/Home
29-Mar-2025 19:38:36.923 INFO [main] org.apache.catalina.startup.VersionLoggerListener.log JVM Version:           23.0.2+7-58
29-Mar-2025 19:38:36.924 INFO [main] org.apache.catalina.startup.VersionLoggerListener.log JVM Vendor:            Oracle Corporation
29-Mar-2025 19:38:36.924 INFO [main] org.apache.catalina.startup.VersionLoggerListener.log CATALINA_BASE:         /Users/chamodpankaja/Documents/IIT/L5/CSA/week 7/apache-tomcat-9.0.100
29-Mar-2025 19:38:36.924 INFO [main] org.apache.catalina.startup.VersionLoggerListener.log CATALINA_HOME:         /Users/chamodpankaja/Documents/IIT/L5/CSA/week 7/apache-tomcat-9.0.100
29-Mar-2025 19:38:36.927 INFO [main] org.apache.catalina.startup.VersionLoggerListener.log Command line argument: --add-opens=java.base/java.lang=ALL-UNNAMED
29-Mar-2025 19:38:36.928 INFO [main] org.apache.catalina.startup.VersionLoggerListener.log Command line argument: --add-opens=java.base/java.io=ALL-UNNAMED
29-Mar-2025 19:38:36.928 INFO [main] org.apache.catalina.startup.VersionLoggerListener.log Command line argument: --add-opens=java.base/java.util=ALL-UNNAMED
29-Mar-2025 19:38:36.928 INFO [main] org.apache.catalina.startup.VersionLoggerListener.log Command line argument: --add-opens=java.base/java.util.concurrent=ALL-UNNAMED
29-Mar-2025 19:38:36.928 INFO [main] org.apache.catalina.startup.VersionLoggerListener.log Command line argument: --add-opens=java.rmi/sun.rmi.transport=ALL-UNNAMED
29-Mar-2025 19:38:36.928 INFO [main] org.apache.catalina.startup.VersionLoggerListener.log Command line argument: -Djava.util.logging.config.file=/Users/chamodpankaja/Documents/IIT/L5/CSA/week 7/apache-tomcat-9.0.100/conf/logging.properties
29-Mar-2025 19:38:36.928 INFO [main] org.apache.catalina.startup.VersionLoggerListener.log Command line argument: -Djava.util.logging.manager=org.apache.juli.ClassLoaderLogManager
29-Mar-2025 19:38:36.928 INFO [main] org.apache.catalina.startup.VersionLoggerListener.log Command line argument: -Dhttp.nonProxyHosts=localhost|127.0.0.1|Mac
29-Mar-2025 19:38:36.928 INFO [main] org.apache.catalina.startup.VersionLoggerListener.log Command line argument: -Djdk.tls.ephemeralDHKeySize=2048
29-Mar-2025 19:38:36.928 INFO [main] org.apache.catalina.startup.VersionLoggerListener.log Command line argument: -Djava.protocol.handler.pkgs=org.apache.catalina.webresources
29-Mar-2025 19:38:36.928 INFO [main] org.apache.catalina.startup.VersionLoggerListener.log Command line argument: -Dsun.io.useCanonCaches=false
29-Mar-2025 19:38:36.928 INFO [main] org.apache.catalina.startup.VersionLoggerListener.log Command line argument: -Dorg.apache.catalina.security.SecurityListener.UMASK=0027
29-Mar-2025 19:38:36.928 INFO [main] org.apache.catalina.startup.VersionLoggerListener.log Command line argument: -Dignore.endorsed.dirs=
29-Mar-2025 19:38:36.928 INFO [main] org.apache.catalina.startup.VersionLoggerListener.log Command line argument: -Dcatalina.base=/Users/chamodpankaja/Documents/IIT/L5/CSA/week 7/apache-tomcat-9.0.100
29-Mar-2025 19:38:36.928 INFO [main] org.apache.catalina.startup.VersionLoggerListener.log Command line argument: -Dcatalina.home=/Users/chamodpankaja/Documents/IIT/L5/CSA/week 7/apache-tomcat-9.0.100
29-Mar-2025 19:38:36.928 INFO [main] org.apache.catalina.startup.VersionLoggerListener.log Command line argument: -Djava.io.tmpdir=/Users/chamodpankaja/Documents/IIT/L5/CSA/week 7/apache-tomcat-9.0.100/temp
29-Mar-2025 19:38:36.933 INFO [main] org.apache.catalina.core.AprLifecycleListener.lifecycleEvent The Apache Tomcat Native library which allows using OpenSSL was not found on the java.library.path: [/Users/chamodpankaja/Library/Java/Extensions:/Library/Java/Extensions:/Network/Library/Java/Extensions:/System/Library/Java/Extensions:/usr/lib/java:.]
29-Mar-2025 19:38:37.062 INFO [main] org.apache.coyote.AbstractProtocol.init Initializing ProtocolHandler ["http-nio-8080"]
29-Mar-2025 19:38:37.072 INFO [main] org.apache.catalina.startup.Catalina.load Server initialization in [221] milliseconds
29-Mar-2025 19:38:37.085 INFO [main] org.apache.catalina.core.StandardService.startInternal Starting service [Catalina]
29-Mar-2025 19:38:37.085 INFO [main] org.apache.catalina.core.StandardEngine.startInternal Starting Servlet engine: [Apache Tomcat/9.0.100]
29-Mar-2025 19:38:37.087 INFO [main] org.apache.catalina.startup.HostConfig.deployDescriptor Deploying deployment descriptor [/Users/chamodpankaja/Documents/IIT/L5/CSA/week 7/apache-tomcat-9.0.100/conf/Catalina/localhost/mavenproject1.xml]
29-Mar-2025 19:38:37.091 WARNING [main] org.apache.catalina.startup.HostConfig.deployDescriptor The path attribute with value [/mavenproject1] in deployment descriptor [/Users/chamodpankaja/Documents/IIT/L5/CSA/week 7/apache-tomcat-9.0.100/conf/Catalina/localhost/mavenproject1.xml] has been ignored
29-Mar-2025 19:38:37.427 INFO [main] org.apache.jasper.servlet.TldScanner.scanJars At least one JAR was scanned for TLDs yet contained no TLDs. Enable debug logging for this logger for a complete list of JARs that were scanned but no TLDs were found in them. Skipping unneeded JARs during scanning can improve startup time and JSP compilation time.
29-Mar-2025 19:38:37.588 WARNING [main] org.glassfish.jersey.server.wadl.WadlFeature.configure JAXBContext implementation could not be found. WADL feature is disabled.
29-Mar-2025 19:38:37.756 WARNING [main] org.glassfish.jersey.server.wadl.WadlFeature.configure JAXBContext implementation could not be found. WADL feature is disabled.
29-Mar-2025 19:38:37.782 INFO [main] org.apache.catalina.startup.HostConfig.deployDescriptor Deployment of deployment descriptor [/Users/chamodpankaja/Documents/IIT/L5/CSA/week 7/apache-tomcat-9.0.100/conf/Catalina/localhost/mavenproject1.xml] has finished in [695] ms
29-Mar-2025 19:38:37.782 INFO [main] org.apache.catalina.startup.HostConfig.deployDescriptor Deploying deployment descriptor [/Users/chamodpankaja/Documents/IIT/L5/CSA/week 7/apache-tomcat-9.0.100/conf/Catalina/localhost/CSA_MOCK.xml]
29-Mar-2025 19:38:37.782 WARNING [main] org.apache.catalina.startup.HostConfig.deployDescriptor The path attribute with value [/CSA_MOCK] in deployment descriptor [/Users/chamodpankaja/Documents/IIT/L5/CSA/week 7/apache-tomcat-9.0.100/conf/Catalina/localhost/CSA_MOCK.xml] has been ignored
29-Mar-2025 19:38:37.990 INFO [main] org.apache.jasper.servlet.TldScanner.scanJars At least one JAR was scanned for TLDs yet contained no TLDs. Enable debug logging for this logger for a complete list of JARs that were scanned but no TLDs were found in them. Skipping unneeded JARs during scanning can improve startup time and JSP compilation time.
29-Mar-2025 19:38:38.115 WARNING [main] org.glassfish.jersey.server.wadl.WadlFeature.configure JAXBContext implementation could not be found. WADL feature is disabled.
29-Mar-2025 19:38:38.249 WARNING [main] org.glassfish.jersey.server.wadl.WadlFeature.configure JAXBContext implementation could not be found. WADL feature is disabled.
29-Mar-2025 19:38:38.287 INFO [main] org.apache.catalina.startup.HostConfig.deployDescriptor Deployment of deployment descriptor [/Users/chamodpankaja/Documents/IIT/L5/CSA/week 7/apache-tomcat-9.0.100/conf/Catalina/localhost/CSA_MOCK.xml] has finished in [505] ms
29-Mar-2025 19:38:38.288 INFO [main] org.apache.catalina.startup.HostConfig.deployDirectory Deploying web application directory [/Users/chamodpankaja/Documents/IIT/L5/CSA/week 7/apache-tomcat-9.0.100/webapps/docs]
29-Mar-2025 19:38:38.297 INFO [main] org.apache.catalina.startup.HostConfig.deployDirectory Deployment of web application directory [/Users/chamodpankaja/Documents/IIT/L5/CSA/week 7/apache-tomcat-9.0.100/webapps/docs] has finished in [9] ms
29-Mar-2025 19:38:38.298 INFO [main] org.apache.catalina.startup.HostConfig.deployDirectory Deploying web application directory [/Users/chamodpankaja/Documents/IIT/L5/CSA/week 7/apache-tomcat-9.0.100/webapps/manager]
29-Mar-2025 19:38:38.308 INFO [main] org.apache.catalina.startup.HostConfig.deployDirectory Deployment of web application directory [/Users/chamodpankaja/Documents/IIT/L5/CSA/week 7/apache-tomcat-9.0.100/webapps/manager] has finished in [10] ms
29-Mar-2025 19:38:38.308 INFO [main] org.apache.catalina.startup.HostConfig.deployDirectory Deploying web application directory [/Users/chamodpankaja/Documents/IIT/L5/CSA/week 7/apache-tomcat-9.0.100/webapps/examples]
29-Mar-2025 19:38:38.374 INFO [main] org.apache.catalina.startup.HostConfig.deployDirectory Deployment of web application directory [/Users/chamodpankaja/Documents/IIT/L5/CSA/week 7/apache-tomcat-9.0.100/webapps/examples] has finished in [66] ms
29-Mar-2025 19:38:38.374 INFO [main] org.apache.catalina.startup.HostConfig.deployDirectory Deploying web application directory [/Users/chamodpankaja/Documents/IIT/L5/CSA/week 7/apache-tomcat-9.0.100/webapps/ROOT]
29-Mar-2025 19:38:38.379 INFO [main] org.apache.catalina.startup.HostConfig.deployDirectory Deployment of web application directory [/Users/chamodpankaja/Documents/IIT/L5/CSA/week 7/apache-tomcat-9.0.100/webapps/ROOT] has finished in [5] ms
29-Mar-2025 19:38:38.379 INFO [main] org.apache.catalina.startup.HostConfig.deployDirectory Deploying web application directory [/Users/chamodpankaja/Documents/IIT/L5/CSA/week 7/apache-tomcat-9.0.100/webapps/host-manager]
29-Mar-2025 19:38:38.386 INFO [main] org.apache.catalina.startup.HostConfig.deployDirectory Deployment of web application directory [/Users/chamodpankaja/Documents/IIT/L5/CSA/week 7/apache-tomcat-9.0.100/webapps/host-manager] has finished in [6] ms
29-Mar-2025 19:38:38.387 INFO [main] org.apache.coyote.AbstractProtocol.start Starting ProtocolHandler ["http-nio-8080"]
29-Mar-2025 19:38:38.391 INFO [main] org.apache.catalina.startup.Catalina.start Server startup in [1318] milliseconds
29-Mar-2025 19:40:43.421 INFO [main] org.apache.catalina.core.StandardServer.await A valid shutdown command was received via the shutdown port. Stopping the Server instance.
29-Mar-2025 19:40:43.422 INFO [main] org.apache.coyote.AbstractProtocol.pause Pausing ProtocolHandler ["http-nio-8080"]
29-Mar-2025 19:40:43.424 INFO [main] org.apache.catalina.core.StandardService.stopInternal Stopping service [Catalina]
29-Mar-2025 19:40:43.449 INFO [main] org.apache.coyote.AbstractProtocol.stop Stopping ProtocolHandler ["http-nio-8080"]
29-Mar-2025 19:40:43.462 INFO [main] org.apache.coyote.AbstractProtocol.destroy Destroying ProtocolHandler ["http-nio-8080"]
